<?xml version="1.0" encoding="UTF-8"?>
<!-- Generated by org.testng.reporters.JUnitReportReporter -->
<testsuite hostname="LAPTOP-4JCT57NA" failures="0" tests="1" name="BaseTestCase.VtigerLoginProcess" time="0.012" errors="0" timestamp="2024-08-02T10:38:39 IST" skipped="0">
  <testcase classname="BaseTestCase.VtigerLoginProcess" name="login" time="0.012">
    <system-out>
      <![CDATA[login is executed]]>
    </system-out>
  </testcase> <!-- login -->
  <system-out>
    <![CDATA[login is executed]]>
  </system-out>
</testsuite> <!-- BaseTestCase.VtigerLoginProcess -->
